#
# A fatal error has been detected by the Java Runtime Environment:
#
#  SIGSEGV (0xb) at pc=0x00007f1629046a8f, pid=14409, tid=0x00007f16405a5700
#
# JRE version: Java(TM) SE Runtime Environment (8.0_101-b13) (build 1.8.0_101-b13)
# Java VM: Java HotSpot(TM) 64-Bit Server VM (25.101-b13 mixed mode linux-amd64 compressed oops)
# Problematic frame:
# v  ~BufferBlob::I2C/C2I adapters
#
# Failed to write core dump. Core dumps have been disabled. To enable core dumping, try "ulimit -c unlimited" before starting Java again
#
# If you would like to submit a bug report, please visit:
#   http://bugreport.java.com/bugreport/crash.jsp
#

---------------  T H R E A D  ---------------

Current thread (0x00007f163800a000):  JavaThread "main" [_thread_in_Java, id=14414, stack(0x00007f16404a5000,0x00007f16405a6000)]

siginfo: si_signo: 11 (SIGSEGV), si_code: 2 (SEGV_ACCERR), si_addr: 0x00007f16307071d8

Registers:
RAX=0x00007f16307071d0, RBX=0x0000000100180d88, RCX=0x0000000080001041, RDX=0x00000000dc341428
RSP=0x00007f16405a2268, RBP=0x00007f16405a2be8, RSI=0x00000000dc340ed8, RDI=0x00000000dc340ed8
R8 =0x00000000dc33e3b0, R9 =0x0000000000000000, R10=0x000000010008cb48, R11=0x0000000000000218
R12=0x0000000000000000, R13=0x00007f1629494f94, R14=0x00007f16405a2268, R15=0x00007f163800a000
RIP=0x00007f1629046a8f, EFLAGS=0x0000000000010216, CSGSFS=0x0000000000000033, ERR=0x0000000000000004
  TRAPNO=0x000000000000000e

Top of Stack: (sp=0x00007f16405a2268)
0x00007f16405a2268:   00007f16294952ec 00007f16405a2be8
0x00007f16405a2278:   00007f1629437d84 0000000000000000
0x00007f16405a2288:   00000000d970f508 00000000dc341400
0x00007f16405a2298:   00007f1629437d84 00007f161312ef20
0x00007f16405a22a8:   00007f1628848140 0000000000000000
0x00007f16405a22b8:   00007f16405a22e0 00007f16405a2be8
0x00007f16405a22c8:   00007f16293ab41c 00007f16405a2be8
0x00007f16405a22d8:   00007f16293ab4cc 00007f1612e68098
0x00007f16405a22e8:   0000000000000001 00007f163800a000
0x00007f16405a22f8:   00007f163f08db19 00000000dc340f58
0x00007f16405a2308:   00007f1600000000 00000000dc341340
0x00007f16405a2318:   00000000dc33e3b0 00000000dc341428
0x00007f16405a2328:   0000000000000000 00000000dc341340
0x00007f16405a2338:   00000000dc341468 00000000dc340ed8
0x00007f16405a2348:   00000000dc33e6f0 00000000dc341428
0x00007f16405a2358:   00000000ceaeed30 00000000dc33e740
0x00007f16405a2368:   00000000dc321748 00007f16405a2be8
0x00007f16405a2378:   00007f162960dd04 0000000100000000
0x00007f16405a2388:   0000000000000000 0000000000000000
0x00007f16405a2398:   00007f163f047017 00007f16405a2798
0x00007f16405a23a8:   00007f16293db134 00000000dc323a20
0x00007f16405a23b8:   0000000214a5d8eb 00000000dc341048
0x00007f16405a23c8:   00000000dc323960 0000000000000000
0x00007f16405a23d8:   00000000dc323aa0 0000000100000003
0x00007f16405a23e8:   0000000000000000 00000000dc328da0
0x00007f16405a23f8:   00000000dc328cf0 0000000000000001
0x00007f16405a2408:   00000000dc33e930 00000000dc341078
0x00007f16405a2418:   00000000dc340fc8 00000000dc341378
0x00007f16405a2428:   00000000dc341340 00000000dc33e3b0
0x00007f16405a2438:   00000000dc341428 00000000dc341060
0x00007f16405a2448:   00007f1614a5d8eb 00000000dc323a20
0x00007f16405a2458:   00000000dc341048 0000000000000001 

Instructions: (pc=0x00007f1629046a8f)
0x00007f1629046a6f:   4c 8b 5b 40 48 8b 70 10 48 8b 50 08 49 89 9f 30
0x00007f1629046a7f:   02 00 00 48 8b c3 41 ff e3 8b 5e 08 48 c1 e3 03
0x00007f1629046a8f:   48 3b 58 08 48 8b 18 0f 84 05 00 00 00 e9 7f f3
0x00007f1629046a9f:   ff ff 48 81 7b 48 00 00 00 00 0f 84 f5 00 00 00 

Register to memory mapping:

RAX=0x00007f16307071d0 is an unknown value
RBX=0x0000000100180d88 is pointing into metadata
RCX=0x0000000080001041 is an unknown value
RDX=0x00000000dc341428 is an oop
org.apache.maven.plugin.install.InstallMojo 
 - klass: 'org/apache/maven/plugin/install/InstallMojo'
RSP=0x00007f16405a2268 is pointing into the stack for thread: 0x00007f163800a000
RBP=0x00007f16405a2be8 is pointing into the stack for thread: 0x00007f163800a000
RSI=0x00000000dc340ed8 is an oop
org.eclipse.sisu.bean.BeanInjector 
 - klass: 'org/eclipse/sisu/bean/BeanInjector'
RDI=0x00000000dc340ed8 is an oop
org.eclipse.sisu.bean.BeanInjector 
 - klass: 'org/eclipse/sisu/bean/BeanInjector'
R8 =0x00000000dc33e3b0 is an oop
com.google.inject.internal.InternalContext 
 - klass: 'com/google/inject/internal/InternalContext'
R9 =0x0000000000000000 is an unknown value
R10=0x000000010008cb48 is pointing into metadata
R11=0x0000000000000218 is an unknown value
R12=0x0000000000000000 is an unknown value
R13=0x00007f1629494f94 is at entry_point+2292 in (nmethod*)0x00007f16294943d0
R14=0x00007f16405a2268 is pointing into the stack for thread: 0x00007f163800a000
R15=0x00007f163800a000 is a thread


Stack: [0x00007f16404a5000,0x00007f16405a6000],  sp=0x00007f16405a2268,  free space=1012k
Native frames: (J=compiled Java code, j=interpreted, Vv=VM code, C=native code)
v  ~BufferBlob::I2C/C2I adapters
j  org.eclipse.sisu.space.AbstractDeferredClass.get()Ljava/lang/Object;+8
J 1388 C1 com.google.inject.internal.InternalFactoryToInitializableAdapter.provision(Ljavax/inject/Provider;Lcom/google/inject/internal/Errors;Lcom/google/inject/spi/Dependency;Lcom/google/inject/internal/ConstructionContext;)Ljava/lang/Object; (29 bytes) @ 0x00007f16294b8f74 [0x00007f16294b8e00+0x174]
J 1386 C1 com.google.inject.internal.ProviderInternalFactory$1.call()Ljava/lang/Object; (24 bytes) @ 0x00007f16294b7814 [0x00007f16294b7700+0x114]
J 1289 C1 com.google.inject.internal.ProvisionListenerStackCallback$Provision.provision()Ljava/lang/Object; (168 bytes) @ 0x00007f162946ba8c [0x00007f162946b920+0x16c]
J 1355 C1 org.eclipse.sisu.bean.BeanScheduler$Activator.onProvision(Lcom/google/inject/spi/ProvisionListener$ProvisionInvocation;)V (60 bytes) @ 0x00007f16294934f4 [0x00007f1629492be0+0x914]
J 1289 C1 com.google.inject.internal.ProvisionListenerStackCallback$Provision.provision()Ljava/lang/Object; (168 bytes) @ 0x00007f162946be64 [0x00007f162946b920+0x544]
J 1351 C1 com.google.inject.internal.ProvisionListenerStackCallback.provision(Lcom/google/inject/internal/Errors;Lcom/google/inject/internal/InternalContext;Lcom/google/inject/internal/ProvisionListenerStackCallback$ProvisionCallback;)Ljava/lang/Object; (117 bytes) @ 0x00007f16294a4724 [0x00007f16294a4600+0x124]
J 1383 C1 com.google.inject.internal.ProviderInternalFactory.circularGet(Ljavax/inject/Provider;Lcom/google/inject/internal/Errors;Lcom/google/inject/internal/InternalContext;Lcom/google/inject/spi/Dependency;Lcom/google/inject/internal/ProvisionListenerStackCallback;)Ljava/lang/Object; (134 bytes) @ 0x00007f16294b662c [0x00007f16294b5d60+0x8cc]
J 1384 C1 com.google.inject.internal.InternalFactoryToInitializableAdapter.get(Lcom/google/inject/internal/Errors;Lcom/google/inject/internal/InternalContext;Lcom/google/inject/spi/Dependency;Z)Ljava/lang/Object; (25 bytes) @ 0x00007f16294b3dbc [0x00007f16294b3ae0+0x2dc]
J 1315 C1 com.google.inject.internal.InjectorImpl$2$1.call(Lcom/google/inject/internal/InternalContext;)Ljava/lang/Object; (68 bytes) @ 0x00007f162947b8dc [0x00007f162947b4e0+0x3fc]
J 1211 C1 com.google.inject.internal.InjectorImpl.callInContext(Lcom/google/inject/internal/ContextualCallable;)Ljava/lang/Object; (233 bytes) @ 0x00007f16294319e4 [0x00007f1629430280+0x1764]
J 1299 C1 com.google.inject.internal.InjectorImpl$2.get()Ljava/lang/Object; (56 bytes) @ 0x00007f1629477e44 [0x00007f1629477b20+0x324]
j  org.eclipse.sisu.inject.Guice4$1.get()Ljava/lang/Object;+29
J 1777 C1 org.eclipse.sisu.plexus.LazyPlexusBean.getValue()Ljava/lang/Object; (10 bytes) @ 0x00007f16295c2a3c [0x00007f16295c28c0+0x17c]
j  org.codehaus.plexus.DefaultPlexusContainer.lookup(Ljava/lang/Class;Ljava/lang/String;Ljava/lang/String;)Ljava/lang/Object;+27
j  org.codehaus.plexus.DefaultPlexusContainer.lookup(Ljava/lang/Class;Ljava/lang/String;)Ljava/lang/Object;+4
j  org.apache.maven.plugin.internal.DefaultMavenPluginManager.getConfiguredMojo(Ljava/lang/Class;Lorg/apache/maven/execution/MavenSession;Lorg/apache/maven/plugin/MojoExecution;)Ljava/lang/Object;+113
j  org.apache.maven.plugin.DefaultBuildPluginManager.executeMojo(Lorg/apache/maven/execution/MavenSession;Lorg/apache/maven/plugin/MojoExecution;)V+108
j  org.apache.maven.lifecycle.internal.MojoExecutor.execute(Lorg/apache/maven/execution/MavenSession;Lorg/apache/maven/plugin/MojoExecution;Lorg/apache/maven/lifecycle/internal/ProjectIndex;Lorg/apache/maven/lifecycle/internal/DependencyContext;)V+220
j  org.apache.maven.lifecycle.internal.MojoExecutor.execute(Lorg/apache/maven/execution/MavenSession;Lorg/apache/maven/plugin/MojoExecution;Lorg/apache/maven/lifecycle/internal/ProjectIndex;Lorg/apache/maven/lifecycle/internal/DependencyContext;Lorg/apache/maven/lifecycle/internal/PhaseRecorder;)V+6
j  org.apache.maven.lifecycle.internal.MojoExecutor.execute(Lorg/apache/maven/execution/MavenSession;Ljava/util/List;Lorg/apache/maven/lifecycle/internal/ProjectIndex;)V+60
j  org.apache.maven.lifecycle.internal.LifecycleModuleBuilder.buildProject(Lorg/apache/maven/execution/MavenSession;Lorg/apache/maven/execution/MavenSession;Lorg/apache/maven/lifecycle/internal/ReactorContext;Lorg/apache/maven/project/MavenProject;Lorg/apache/maven/lifecycle/internal/TaskSegment;)V+180
j  org.apache.maven.lifecycle.internal.LifecycleModuleBuilder.buildProject(Lorg/apache/maven/execution/MavenSession;Lorg/apache/maven/lifecycle/internal/ReactorContext;Lorg/apache/maven/project/MavenProject;Lorg/apache/maven/lifecycle/internal/TaskSegment;)V+7
j  org.apache.maven.lifecycle.internal.builder.singlethreaded.SingleThreadedBuilder.build(Lorg/apache/maven/execution/MavenSession;Lorg/apache/maven/lifecycle/internal/ReactorContext;Lorg/apache/maven/lifecycle/internal/ProjectBuildList;Ljava/util/List;Lorg/apache/maven/lifecycle/internal/ReactorBuildStatus;)V+77
j  org.apache.maven.lifecycle.internal.LifecycleStarter.execute(Lorg/apache/maven/execution/MavenSession;)V+353
j  org.apache.maven.DefaultMaven.doExecute(Lorg/apache/maven/execution/MavenExecutionRequest;Lorg/apache/maven/execution/MavenSession;Lorg/apache/maven/execution/MavenExecutionResult;Lorg/eclipse/aether/DefaultRepositorySystemSession;)Lorg/apache/maven/execution/MavenExecutionResult;+414
j  org.apache.maven.DefaultMaven.doExecute(Lorg/apache/maven/execution/MavenExecutionRequest;)Lorg/apache/maven/execution/MavenExecutionResult;+99
j  org.apache.maven.DefaultMaven.execute(Lorg/apache/maven/execution/MavenExecutionRequest;)Lorg/apache/maven/execution/MavenExecutionResult;+2
j  org.apache.maven.cli.MavenCli.execute(Lorg/apache/maven/cli/CliRequest;)I+27
j  org.apache.maven.cli.MavenCli.doMain(Lorg/apache/maven/cli/CliRequest;)I+66
j  org.apache.maven.cli.MavenCli.main([Ljava/lang/String;Lorg/codehaus/plexus/classworlds/ClassWorld;)I+18
v  ~StubRoutines::call_stub
V  [libjvm.so+0x68f6b6]  JavaCalls::call_helper(JavaValue*, methodHandle*, JavaCallArguments*, Thread*)+0x1056
V  [libjvm.so+0x99a4a7]  Reflection::invoke(instanceKlassHandle, methodHandle, Handle, bool, objArrayHandle, BasicType, objArrayHandle, bool, Thread*)+0x5d7
V  [libjvm.so+0x99dbb7]  Reflection::invoke_method(oopDesc*, Handle, objArrayHandle, Thread*)+0x147
V  [libjvm.so+0x71e2eb]  JVM_InvokeMethod+0x26b
j  sun.reflect.NativeMethodAccessorImpl.invoke0(Ljava/lang/reflect/Method;Ljava/lang/Object;[Ljava/lang/Object;)Ljava/lang/Object;+0
j  sun.reflect.NativeMethodAccessorImpl.invoke(Ljava/lang/Object;[Ljava/lang/Object;)Ljava/lang/Object;+100
j  sun.reflect.DelegatingMethodAccessorImpl.invoke(Ljava/lang/Object;[Ljava/lang/Object;)Ljava/lang/Object;+6
j  java.lang.reflect.Method.invoke(Ljava/lang/Object;[Ljava/lang/Object;)Ljava/lang/Object;+56
j  org.codehaus.plexus.classworlds.launcher.Launcher.launchEnhanced([Ljava/lang/String;)V+45
j  org.codehaus.plexus.classworlds.launcher.Launcher.launch([Ljava/lang/String;)V+2
j  org.codehaus.plexus.classworlds.launcher.Launcher.mainWithExitCode([Ljava/lang/String;)I+101
j  org.codehaus.plexus.classworlds.launcher.Launcher.main([Ljava/lang/String;)V+1
v  ~StubRoutines::call_stub
V  [libjvm.so+0x68f6b6]  JavaCalls::call_helper(JavaValue*, methodHandle*, JavaCallArguments*, Thread*)+0x1056
V  [libjvm.so+0x6d0d42]  jni_invoke_static(JNIEnv_*, JavaValue*, _jobject*, JNICallType, _jmethodID*, JNI_ArgumentPusher*, Thread*)+0x362
V  [libjvm.so+0x6ed5aa]  jni_CallStaticVoidMethod+0x17a
C  [libjli.so+0x7bdf]  JavaMain+0x81f
C  [libpthread.so.0+0x8184]  start_thread+0xc4


---------------  P R O C E S S  ---------------

Java Threads: ( => current thread )
  0x00007f16380c9800 JavaThread "Service Thread" daemon [_thread_blocked, id=14426, stack(0x00007f16132bf000,0x00007f16133c0000)]
  0x00007f16380be000 JavaThread "C1 CompilerThread2" daemon [_thread_in_native, id=14425, stack(0x00007f16133c0000,0x00007f16134c1000)]
  0x00007f16380bc800 JavaThread "C2 CompilerThread1" daemon [_thread_in_native, id=14424, stack(0x00007f16134c1000,0x00007f16135c2000)]
  0x00007f16380b9800 JavaThread "C2 CompilerThread0" daemon [_thread_in_native, id=14423, stack(0x00007f16135c2000,0x00007f16136c3000)]
  0x00007f16380b8000 JavaThread "Signal Dispatcher" daemon [_thread_blocked, id=14422, stack(0x00007f16136c3000,0x00007f16137c4000)]
  0x00007f1638084000 JavaThread "Finalizer" daemon [_thread_blocked, id=14421, stack(0x00007f1613bfc000,0x00007f1613cfd000)]
  0x00007f163807f800 JavaThread "Reference Handler" daemon [_thread_blocked, id=14420, stack(0x00007f1613cfd000,0x00007f1613dfe000)]
=>0x00007f163800a000 JavaThread "main" [_thread_in_Java, id=14414, stack(0x00007f16404a5000,0x00007f16405a6000)]

Other Threads:
  0x00007f1638078000 VMThread [stack: 0x00007f1613dfe000,0x00007f1613eff000] [id=14419]
  0x00007f16380cc000 WatcherThread [stack: 0x00007f16131be000,0x00007f16132bf000] [id=14427]

VM state:not at safepoint (normal execution)

VM Mutex/Monitor currently owned by a thread: None

Heap:
 PSYoungGen      total 66048K, used 55581K [0x00000000d9200000, 0x00000000dd700000, 0x0000000100000000)
  eden space 61440K, 82% used [0x00000000d9200000,0x00000000dc3c8bd8,0x00000000dce00000)
  from space 4608K, 99% used [0x00000000dd280000,0x00000000dd6fe8f0,0x00000000dd700000)
  to   space 4608K, 0% used [0x00000000dce00000,0x00000000dce00000,0x00000000dd280000)
 ParOldGen       total 80896K, used 2035K [0x000000008b600000, 0x0000000090500000, 0x00000000d9200000)
  object space 80896K, 2% used [0x000000008b600000,0x000000008b7fcd60,0x0000000090500000)
 Metaspace       used 15220K, capacity 15596K, committed 15872K, reserved 1062912K
  class space    used 1869K, capacity 1988K, committed 2048K, reserved 1048576K

Card table byte_map: [0x00007f163cebb000,0x00007f163d261000] byte_map_base: 0x00007f163ca60000

Marking Bits: (ParMarkBitMap*) 0x00007f163f981120
 Begin Bits: [0x00007f16205b0000, 0x00007f16222d8000)
 End Bits:   [0x00007f16222d8000, 0x00007f1624000000)

Polling page: 0x00007f16405ca000

CodeCache: size=245760Kb used=7132Kb max_used=7143Kb free=238627Kb
 bounds [0x00007f1629000000, 0x00007f1629700000, 0x00007f1638000000]
 total_blobs=2513 nmethods=2174 adapters=253
 compilation: enabled

Compilation events (10 events):
Event: 3,398 Thread 0x00007f16380be000 2182       1       com.google.common.cache.LocalCache$StrongEntry::setValueReference (6 bytes)
Event: 3,398 Thread 0x00007f16380b9800 2101       4       java.lang.String::lastIndexOf (13 bytes)
Event: 3,399 Thread 0x00007f16380be000 nmethod 2182 0x00007f16296fb090 code [0x00007f16296fb1e0, 0x00007f16296fb310]
Event: 3,399 Thread 0x00007f16380be000 2186       3       org.eclipse.sisu.inject.MildValues$ValueItr::hasNext (52 bytes)
Event: 3,400 Thread 0x00007f16380be000 nmethod 2186 0x00007f16296fa750 code [0x00007f16296fa900, 0x00007f16296faee8]
Event: 3,400 Thread 0x00007f16380be000 2187       1       com.google.common.collect.Iterators$11::get (12 bytes)
Event: 3,400 Thread 0x00007f16380be000 nmethod 2187 0x00007f16296fa410 code [0x00007f16296fa560, 0x00007f16296fa690]
Event: 3,400 Thread 0x00007f16380be000 2181       3       com.google.common.collect.Collections2::cast (5 bytes)
Event: 3,400 Thread 0x00007f16380be000 nmethod 2181 0x00007f16296f9fd0 code [0x00007f16296fa140, 0x00007f16296fa370]
Event: 3,400 Thread 0x00007f16380be000 2184       3       com.google.inject.internal.ProvisionListenerStackCallback::<init> (56 bytes)

GC Heap History (4 events):
Event: 1,133 GC heap before
{Heap before GC invocations=1 (full 0):
 PSYoungGen      total 35328K, used 30720K [0x00000000d9200000, 0x00000000db900000, 0x0000000100000000)
  eden space 30720K, 100% used [0x00000000d9200000,0x00000000db000000,0x00000000db000000)
  from space 4608K, 0% used [0x00000000db480000,0x00000000db480000,0x00000000db900000)
  to   space 4608K, 0% used [0x00000000db000000,0x00000000db000000,0x00000000db480000)
 ParOldGen       total 80896K, used 0K [0x000000008b600000, 0x0000000090500000, 0x00000000d9200000)
  object space 80896K, 0% used [0x000000008b600000,0x000000008b600000,0x0000000090500000)
 Metaspace       used 7667K, capacity 7824K, committed 7936K, reserved 1056768K
  class space    used 956K, capacity 1016K, committed 1024K, reserved 1048576K
Event: 1,149 GC heap after
Heap after GC invocations=1 (full 0):
 PSYoungGen      total 35328K, used 4473K [0x00000000d9200000, 0x00000000dd700000, 0x0000000100000000)
  eden space 30720K, 0% used [0x00000000d9200000,0x00000000d9200000,0x00000000db000000)
  from space 4608K, 97% used [0x00000000db000000,0x00000000db45e678,0x00000000db480000)
  to   space 4608K, 0% used [0x00000000dd280000,0x00000000dd280000,0x00000000dd700000)
 ParOldGen       total 80896K, used 8K [0x000000008b600000, 0x0000000090500000, 0x00000000d9200000)
  object space 80896K, 0% used [0x000000008b600000,0x000000008b602000,0x0000000090500000)
 Metaspace       used 7667K, capacity 7824K, committed 7936K, reserved 1056768K
  class space    used 956K, capacity 1016K, committed 1024K, reserved 1048576K
}
Event: 1,902 GC heap before
{Heap before GC invocations=2 (full 0):
 PSYoungGen      total 35328K, used 35193K [0x00000000d9200000, 0x00000000dd700000, 0x0000000100000000)
  eden space 30720K, 100% used [0x00000000d9200000,0x00000000db000000,0x00000000db000000)
  from space 4608K, 97% used [0x00000000db000000,0x00000000db45e678,0x00000000db480000)
  to   space 4608K, 0% used [0x00000000dd280000,0x00000000dd280000,0x00000000dd700000)
 ParOldGen       total 80896K, used 8K [0x000000008b600000, 0x0000000090500000, 0x00000000d9200000)
  object space 80896K, 0% used [0x000000008b600000,0x000000008b602000,0x0000000090500000)
 Metaspace       used 11209K, capacity 11388K, committed 11520K, reserved 1058816K
  class space    used 1404K, capacity 1476K, committed 1536K, reserved 1048576K
Event: 1,920 GC heap after
Heap after GC invocations=2 (full 0):
 PSYoungGen      total 66048K, used 4602K [0x00000000d9200000, 0x00000000dd700000, 0x0000000100000000)
  eden space 61440K, 0% used [0x00000000d9200000,0x00000000d9200000,0x00000000dce00000)
  from space 4608K, 99% used [0x00000000dd280000,0x00000000dd6fe8f0,0x00000000dd700000)
  to   space 4608K, 0% used [0x00000000dce00000,0x00000000dce00000,0x00000000dd280000)
 ParOldGen       total 80896K, used 2035K [0x000000008b600000, 0x0000000090500000, 0x00000000d9200000)
  object space 80896K, 2% used [0x000000008b600000,0x000000008b7fcd60,0x0000000090500000)
 Metaspace       used 11209K, capacity 11388K, committed 11520K, reserved 1058816K
  class space    used 1404K, capacity 1476K, committed 1536K, reserved 1048576K
}

Deoptimization events (10 events):
Event: 3,219 Thread 0x00007f163800a000 Uncommon trap: reason=bimorphic action=maybe_recompile pc=0x00007f16294c629c method=java.lang.ThreadLocal.get()Ljava/lang/Object; @ 6
Event: 3,246 Thread 0x00007f163800a000 Uncommon trap: reason=bimorphic action=maybe_recompile pc=0x00007f16295a869c method=java.util.regex.Pattern$Curly.match0(Ljava/util/regex/Matcher;IILjava/lang/CharSequence;)Z @ 170
Event: 3,247 Thread 0x00007f163800a000 Uncommon trap: reason=bimorphic action=maybe_recompile pc=0x00007f16295a869c method=java.util.regex.Pattern$Curly.match0(Ljava/util/regex/Matcher;IILjava/lang/CharSequence;)Z @ 170
Event: 3,248 Thread 0x00007f163800a000 Uncommon trap: reason=bimorphic action=maybe_recompile pc=0x00007f16295a869c method=java.util.regex.Pattern$Curly.match0(Ljava/util/regex/Matcher;IILjava/lang/CharSequence;)Z @ 170
Event: 3,265 Thread 0x00007f163800a000 Uncommon trap: reason=unstable_if action=reinterpret pc=0x00007f16296727a8 method=org.codehaus.plexus.util.xml.pull.MXParser.nextImpl()I @ 1161
Event: 3,348 Thread 0x00007f163800a000 Uncommon trap: reason=unstable_if action=reinterpret pc=0x00007f16296c49ec method=org.eclipse.sisu.plexus.RealmFilteredBeans$FilteredItr.hasNext()Z @ 44
Event: 3,364 Thread 0x00007f163800a000 Uncommon trap: reason=unstable_if action=reinterpret pc=0x00007f16292aba94 method=java.io.Reader.read()I @ 12
Event: 3,392 Thread 0x00007f163800a000 Uncommon trap: reason=bimorphic action=maybe_recompile pc=0x00007f162967658c method=java.util.regex.Pattern$BmpCharProperty.match(Ljava/util/regex/Matcher;ILjava/lang/CharSequence;)Z @ 16
Event: 3,392 Thread 0x00007f163800a000 Uncommon trap: reason=bimorphic action=maybe_recompile pc=0x00007f162967658c method=java.util.regex.Pattern$BmpCharProperty.match(Ljava/util/regex/Matcher;ILjava/lang/CharSequence;)Z @ 16
Event: 3,392 Thread 0x00007f163800a000 Uncommon trap: reason=bimorphic action=maybe_recompile pc=0x00007f1629576e7c method=java.util.regex.Pattern$CharProperty.match(Ljava/util/regex/Matcher;ILjava/lang/CharSequence;)Z @ 37

Internal exceptions (10 events):
Event: 2,145 Thread 0x00007f163800a000 Exception <a 'java/lang/NoClassDefFoundError': javax/annotation/Priority> (0x00000000d9a02488) thrown at [/HUDSON3/workspace/8-2-build-linux-amd64/jdk8u101/7261/hotspot/src/share/vm/classfile/systemDictionary.cpp, line 199]
Event: 2,449 Thread 0x00007f163800a000 Exception <a 'java/lang/NullPointerException'> (0x00000000d9fed488) thrown at [/HUDSON3/workspace/8-2-build-linux-amd64/jdk8u101/7261/hotspot/src/share/vm/interpreter/linkResolver.cpp, line 1178]
Event: 2,449 Thread 0x00007f163800a000 Exception <a 'java/lang/NullPointerException'> (0x00000000d9fed6a0) thrown at [/HUDSON3/workspace/8-2-build-linux-amd64/jdk8u101/7261/hotspot/src/share/vm/interpreter/linkResolver.cpp, line 1178]
Event: 2,449 Thread 0x00007f163800a000 Exception <a 'java/lang/NullPointerException'> (0x00000000d9fed8b8) thrown at [/HUDSON3/workspace/8-2-build-linux-amd64/jdk8u101/7261/hotspot/src/share/vm/interpreter/linkResolver.cpp, line 1178]
Event: 2,451 Thread 0x00007f163800a000 Exception <a 'java/lang/NullPointerException'> (0x00000000da005c68) thrown at [/HUDSON3/workspace/8-2-build-linux-amd64/jdk8u101/7261/hotspot/src/share/vm/interpreter/linkResolver.cpp, line 1178]
Event: 2,451 Thread 0x00007f163800a000 Exception <a 'java/lang/NullPointerException'> (0x00000000da005e80) thrown at [/HUDSON3/workspace/8-2-build-linux-amd64/jdk8u101/7261/hotspot/src/share/vm/interpreter/linkResolver.cpp, line 1178]
Event: 2,451 Thread 0x00007f163800a000 Exception <a 'java/lang/NullPointerException'> (0x00000000da006098) thrown at [/HUDSON3/workspace/8-2-build-linux-amd64/jdk8u101/7261/hotspot/src/share/vm/interpreter/linkResolver.cpp, line 1178]
Event: 2,800 Thread 0x00007f163800a000 Implicit null exception at 0x00007f16295a3aee to 0x00007f16295a42d9
Event: 2,994 Thread 0x00007f163800a000 Implicit null exception at 0x00007f16293844f5 to 0x00007f16293846d9
Event: 2,994 Thread 0x00007f163800a000 Implicit null exception at 0x00007f16292f69af to 0x00007f16292f6a19

Events (10 events):
Event: 3,391 loading class org/codehaus/plexus/digest/StreamingSha1Digester done
Event: 3,392 Thread 0x00007f163800a000 Uncommon trap: trap_request=0xffffffc6 fr.pc=0x00007f162967658c
Event: 3,392 Thread 0x00007f163800a000 DEOPT PACKING pc=0x00007f162967658c sp=0x00007f16405a24b0
Event: 3,392 Thread 0x00007f163800a000 DEOPT UNPACKING pc=0x00007f1629005229 sp=0x00007f16405a2480 mode 2
Event: 3,392 Thread 0x00007f163800a000 Uncommon trap: trap_request=0xffffffc6 fr.pc=0x00007f162967658c
Event: 3,392 Thread 0x00007f163800a000 DEOPT PACKING pc=0x00007f162967658c sp=0x00007f16405a2290
Event: 3,392 Thread 0x00007f163800a000 DEOPT UNPACKING pc=0x00007f1629005229 sp=0x00007f16405a2260 mode 2
Event: 3,392 Thread 0x00007f163800a000 Uncommon trap: trap_request=0xffffffc6 fr.pc=0x00007f1629576e7c
Event: 3,392 Thread 0x00007f163800a000 DEOPT PACKING pc=0x00007f1629576e7c sp=0x00007f16405a2290
Event: 3,392 Thread 0x00007f163800a000 DEOPT UNPACKING pc=0x00007f1629005229 sp=0x00007f16405a2248 mode 2


Dynamic libraries:
00400000-00401000 r-xp 00000000 08:01 4722899                            /usr/lib/jvm/java-8-oracle/bin/java
00600000-00601000 rw-p 00000000 08:01 4722899                            /usr/lib/jvm/java-8-oracle/bin/java
00c2d000-00c4e000 rw-p 00000000 00:00 0                                  [heap]
8b600000-90500000 rw-p 00000000 00:00 0 
90500000-d9200000 ---p 00000000 00:00 0 
d9200000-dd700000 rw-p 00000000 00:00 0 
dd700000-100000000 ---p 00000000 00:00 0 
100000000-100200000 rw-p 00000000 00:00 0 
100200000-140000000 ---p 00000000 00:00 0 
7f15ec000000-7f15ec021000 rw-p 00000000 00:00 0 
7f15ec021000-7f15f0000000 ---p 00000000 00:00 0 
7f15f0000000-7f15f0021000 rw-p 00000000 00:00 0 
7f15f0021000-7f15f4000000 ---p 00000000 00:00 0 
7f15f4000000-7f15f467c000 rw-p 00000000 00:00 0 
7f15f467c000-7f15f8000000 ---p 00000000 00:00 0 
7f15f8000000-7f15f8549000 rw-p 00000000 00:00 0 
7f15f8549000-7f15fc000000 ---p 00000000 00:00 0 
7f15fc000000-7f15fc021000 rw-p 00000000 00:00 0 
7f15fc021000-7f1600000000 ---p 00000000 00:00 0 
7f1600000000-7f1600488000 rw-p 00000000 00:00 0 
7f1600488000-7f1604000000 ---p 00000000 00:00 0 
7f1604000000-7f1604021000 rw-p 00000000 00:00 0 
7f1604021000-7f1608000000 ---p 00000000 00:00 0 
7f1608000000-7f1608021000 rw-p 00000000 00:00 0 
7f1608021000-7f160c000000 ---p 00000000 00:00 0 
7f160c000000-7f160c021000 rw-p 00000000 00:00 0 
7f160c021000-7f1610000000 ---p 00000000 00:00 0 
7f1612796000-7f16127a7000 r-xp 00000000 08:01 4850049                    /usr/lib/jvm/java-8-oracle/jre/lib/amd64/libnio.so
7f16127a7000-7f16129a6000 ---p 00011000 08:01 4850049                    /usr/lib/jvm/java-8-oracle/jre/lib/amd64/libnio.so
7f16129a6000-7f16129a7000 rw-p 00010000 08:01 4850049                    /usr/lib/jvm/java-8-oracle/jre/lib/amd64/libnio.so
7f16129a7000-7f16129bd000 r-xp 00000000 08:01 4850004                    /usr/lib/jvm/java-8-oracle/jre/lib/amd64/libnet.so
7f16129bd000-7f1612bbd000 ---p 00016000 08:01 4850004                    /usr/lib/jvm/java-8-oracle/jre/lib/amd64/libnet.so
7f1612bbd000-7f1612bbe000 rw-p 00016000 08:01 4850004                    /usr/lib/jvm/java-8-oracle/jre/lib/amd64/libnet.so
7f1612bbe000-7f1612d3e000 rw-p 00000000 00:00 0 
7f1612d3e000-7f1612dbe000 ---p 00000000 00:00 0 
7f1612dbe000-7f1612fbe000 rw-p 00000000 00:00 0 
7f1612fbe000-7f16131be000 rw-p 00000000 00:00 0 
7f16131be000-7f16131bf000 ---p 00000000 00:00 0 
7f16131bf000-7f16132bf000 rw-p 00000000 00:00 0                          [stack:14427]
7f16132bf000-7f16132c2000 ---p 00000000 00:00 0 
7f16132c2000-7f16133c0000 rw-p 00000000 00:00 0                          [stack:14426]
7f16133c0000-7f16133c3000 ---p 00000000 00:00 0 
7f16133c3000-7f16134c1000 rw-p 00000000 00:00 0                          [stack:14425]
7f16134c1000-7f16134c4000 ---p 00000000 00:00 0 
7f16134c4000-7f16135c2000 rw-p 00000000 00:00 0                          [stack:14424]
7f16135c2000-7f16135c5000 ---p 00000000 00:00 0 
7f16135c5000-7f16136c3000 rw-p 00000000 00:00 0                          [stack:14423]
7f16136c3000-7f16136c6000 ---p 00000000 00:00 0 
7f16136c6000-7f16137c4000 rw-p 00000000 00:00 0                          [stack:14422]
7f16137c4000-7f1613bfc000 r--p 00000000 08:01 4462618                    /usr/lib/locale/locale-archive
7f1613bfc000-7f1613bff000 ---p 00000000 00:00 0 
7f1613bff000-7f1613cfd000 rw-p 00000000 00:00 0                          [stack:14421]
7f1613cfd000-7f1613d00000 ---p 00000000 00:00 0 
7f1613d00000-7f1613dfe000 rw-p 00000000 00:00 0                          [stack:14420]
7f1613dfe000-7f1613dff000 ---p 00000000 00:00 0 
7f1613dff000-7f1614000000 rw-p 00000000 00:00 0                          [stack:14419]
7f1614000000-7f1614021000 rw-p 00000000 00:00 0 
7f1614021000-7f1618000000 ---p 00000000 00:00 0 
7f1618000000-7f1618021000 rw-p 00000000 00:00 0 
7f1618021000-7f161c000000 ---p 00000000 00:00 0 
7f161c000000-7f161c021000 rw-p 00000000 00:00 0 
7f161c021000-7f1620000000 ---p 00000000 00:00 0 
7f1620088000-7f162008b000 rw-p 00000000 00:00 0 
7f162008b000-7f162008c000 r--s 00002000 08:01 1835717                    /home/anett/.m2/repository/org/codehaus/plexus/plexus-digest/1.0/plexus-digest-1.0.jar
7f162008c000-7f1620090000 r--s 00035000 08:01 1835714                    /home/anett/.m2/repository/org/codehaus/plexus/plexus-utils/3.0.5/plexus-utils-3.0.5.jar
7f1620090000-7f1620093000 r--s 0001b000 08:01 1705081                    /home/anett/.m2/repository/junit/junit/3.8.1/junit-3.8.1.jar
7f1620093000-7f1620094000 r--s 00006000 08:01 1835453                    /home/anett/.m2/repository/org/apache/maven/plugins/maven-install-plugin/2.4/maven-install-plugin-2.4.jar
7f1620094000-7f1620098000 r--s 00034000 08:01 1706056                    /home/anett/.m2/repository/org/codehaus/plexus/plexus-utils/3.0/plexus-utils-3.0.jar
7f1620098000-7f162009a000 r--s 00005000 08:01 1705478                    /home/anett/.m2/repository/org/apache/maven/plugins/maven-clean-plugin/2.5/maven-clean-plugin-2.5.jar
7f162009a000-7f162009e000 r--s 00097000 08:01 4725429                    /usr/lib/jvm/java-8-oracle/jre/lib/jsse.jar
7f162009e000-7f162009f000 r--s 00002000 08:01 6556215                    /home/anett/programms/eclipse/plugins/org.eclipse.m2e.maven.runtime.slf4j.simple_1.7.0.20160603-1931/jars/slf4j-simple-1.7.5.jar
7f162009f000-7f16200a4000 r--s 00041000 08:01 6556008                    /home/anett/programms/eclipse/plugins/org.eclipse.m2e.maven.runtime_1.7.0.20160603-1931/jars/commons-lang-2.6.jar
7f16200a4000-7f16200a6000 r--s 00005000 08:01 6556006                    /home/anett/programms/eclipse/plugins/org.eclipse.m2e.maven.runtime_1.7.0.20160603-1931/jars/aether-transport-wagon-1.0.2.v20150114.jar
7f16200a6000-7f16200ab000 r--s 00049000 08:01 6556046                    /home/anett/programms/eclipse/plugins/org.eclipse.m2e.maven.runtime_1.7.0.20160603-1931/jars/okhttp-2.5.0.jar
7f16200ab000-7f1624000000 rw-p 00000000 00:00 0 
7f1624000000-7f1624021000 rw-p 00000000 00:00 0 
7f1624021000-7f1628000000 ---p 00000000 00:00 0 
7f1628000000-7f1628001000 r--s 00002000 08:01 6556021                    /home/anett/programms/eclipse/plugins/org.eclipse.m2e.maven.runtime_1.7.0.20160603-1931/jars/wagon-file-2.10.jar
7f1628001000-7f1628002000 r--s 00008000 08:01 6556023                    /home/anett/programms/eclipse/plugins/org.eclipse.m2e.maven.runtime_1.7.0.20160603-1931/jars/aether-connector-basic-1.0.2.v20150114.jar
7f1628002000-7f1628004000 r--s 0000f000 08:01 6556028                    /home/anett/programms/eclipse/plugins/org.eclipse.m2e.maven.runtime_1.7.0.20160603-1931/jars/okio-1.6.0.jar
7f1628004000-7f1628006000 r--s 0000b000 08:01 6556019                    /home/anett/programms/eclipse/plugins/org.eclipse.m2e.maven.runtime_1.7.0.20160603-1931/jars/aether-connector-okhttp-0.16.0.jar
7f1628006000-7f1628008000 r--s 00006000 08:01 6556039                    /home/anett/programms/eclipse/plugins/org.eclipse.m2e.maven.runtime_1.7.0.20160603-1931/jars/aether-spi-1.0.2.v20150114.jar
7f1628008000-7f162800c000 r--s 00027000 08:01 6556043                    /home/anett/programms/eclipse/plugins/org.eclipse.m2e.maven.runtime_1.7.0.20160603-1931/jars/aether-impl-1.0.2.v20150114.jar
7f162800c000-7f1628037000 r--s 001fc000 08:01 6556004                    /home/anett/programms/eclipse/plugins/org.eclipse.m2e.maven.runtime_1.7.0.20160603-1931/jars/guava-18.0.jar
7f1628037000-7f162803f000 r--s 00055000 08:01 6556044                    /home/anett/programms/eclipse/plugins/org.eclipse.m2e.maven.runtime_1.7.0.20160603-1931/jars/org.eclipse.sisu.inject-0.3.2.jar
7f162803f000-7f1628040000 r--s 00001000 08:01 6556048                    /home/anett/programms/eclipse/plugins/org.eclipse.m2e.maven.runtime_1.7.0.20160603-1931/jars/jsr250-api-1.0.jar
7f1628040000-7f1628043000 r--s 00008000 08:01 6556005                    /home/anett/programms/eclipse/plugins/org.eclipse.m2e.maven.runtime_1.7.0.20160603-1931/jars/cdi-api-1.0.jar
7f1628043000-7f1628049000 r--s 0002d000 08:01 6556018                    /home/anett/programms/eclipse/plugins/org.eclipse.m2e.maven.runtime_1.7.0.20160603-1931/jars/org.eclipse.sisu.plexus-0.3.2.jar
7f1628049000-7f162804c000 r--s 0000b000 08:01 6556027                    /home/anett/programms/eclipse/plugins/org.eclipse.m2e.maven.runtime_1.7.0.20160603-1931/jars/wagon-provider-api-2.10.jar
7f162804c000-7f1628052000 r--s 00041000 08:01 6556049                    /home/anett/programms/eclipse/plugins/org.eclipse.m2e.maven.runtime_1.7.0.20160603-1931/jars/maven-compat-3.3.9.jar
7f1628052000-7f1628054000 r--s 00009000 08:01 6556042                    /home/anett/programms/eclipse/plugins/org.eclipse.m2e.maven.runtime_1.7.0.20160603-1931/jars/commons-cli-1.2.jar
7f1628054000-7f1628056000 r--s 00002000 08:01 6556017                    /home/anett/programms/eclipse/plugins/org.eclipse.m2e.maven.runtime_1.7.0.20160603-1931/jars/plexus-cipher-1.7.jar
7f1628056000-7f1628059000 r--s 00013000 08:01 6556013                    /home/anett/programms/eclipse/plugins/org.eclipse.m2e.maven.runtime_1.7.0.20160603-1931/jars/maven-embedder-3.3.9.jar
7f1628059000-7f1628060000 r--s 00064000 08:01 6556020                    /home/anett/programms/eclipse/plugins/org.eclipse.m2e.maven.runtime_1.7.0.20160603-1931/jars/commons-lang3-3.4.jar
7f1628060000-7f1628061000 r--s 00006000 08:01 6556025                    /home/anett/programms/eclipse/plugins/org.eclipse.m2e.maven.runtime_1.7.0.20160603-1931/jars/plexus-sec-dispatcher-1.3.jar
7f1628061000-7f1628063000 r--s 00000000 08:01 6556050                    /home/anett/programms/eclipse/plugins/org.eclipse.m2e.maven.runtime_1.7.0.20160603-1931/jars/plexus-component-annotations-1.6.jar
7f1628063000-7f1628067000 r--s 00038000 08:01 6556030                    /home/anett/programms/eclipse/plugins/org.eclipse.m2e.maven.runtime_1.7.0.20160603-1931/jars/plexus-utils-3.0.22.jar
7f1628067000-7f1628070000 r--s 0005f000 08:01 6556009                    /home/anett/programms/eclipse/plugins/org.eclipse.m2e.maven.runtime_1.7.0.20160603-1931/jars/guice-4.0-no_aop.jar
7f1628070000-7f1628075000 r--s 0001d000 08:01 6556014                    /home/anett/programms/eclipse/plugins/org.eclipse.m2e.maven.runtime_1.7.0.20160603-1931/jars/aether-api-1.0.2.v20150114.jar
7f1628075000-7f1629000000 rw-p 00000000 00:00 0 
7f1629000000-7f1629700000 rwxp 00000000 00:00 0 
7f1629700000-7f1638000000 ---p 00000000 00:00 0 
7f1638000000-7f1638b53000 rw-p 00000000 00:00 0 
7f1638b53000-7f163c000000 ---p 00000000 00:00 0 
7f163c000000-7f163c004000 r--s 00020000 08:01 6556016                    /home/anett/programms/eclipse/plugins/org.eclipse.m2e.maven.runtime_1.7.0.20160603-1931/jars/aether-util-1.0.2.v20150114.jar
7f163c004000-7f163c255000 rw-p 00000000 00:00 0 
7f163c255000-7f163c42e000 r--s 03d29000 08:01 4725589                    /usr/lib/jvm/java-8-oracle/jre/lib/rt.jar
7f163c42e000-7f163c849000 rw-p 00000000 00:00 0 
7f163c849000-7f163c84a000 ---p 00000000 00:00 0 
7f163c84a000-7f163c94a000 rw-p 00000000 00:00 0                          [stack:14418]
7f163c94a000-7f163c94b000 ---p 00000000 00:00 0 
7f163c94b000-7f163ca4b000 rw-p 00000000 00:00 0                          [stack:14417]
7f163ca4b000-7f163ca4c000 ---p 00000000 00:00 0 
7f163ca4c000-7f163cb4c000 rw-p 00000000 00:00 0                          [stack:14416]
7f163cb4c000-7f163cb4d000 ---p 00000000 00:00 0 
7f163cb4d000-7f163cc75000 rw-p 00000000 00:00 0                          [stack:14415]
7f163cc75000-7f163cebb000 ---p 00000000 00:00 0 
7f163cebb000-7f163cee3000 rw-p 00000000 00:00 0 
7f163cee3000-7f163d129000 ---p 00000000 00:00 0 
7f163d129000-7f163d14c000 rw-p 00000000 00:00 0 
7f163d14c000-7f163d260000 ---p 00000000 00:00 0 
7f163d260000-7f163d27d000 rw-p 00000000 00:00 0 
7f163d27d000-7f163d621000 ---p 00000000 00:00 0 
7f163d621000-7f163d63b000 r-xp 00000000 08:01 4849991                    /usr/lib/jvm/java-8-oracle/jre/lib/amd64/libzip.so
7f163d63b000-7f163d83b000 ---p 0001a000 08:01 4849991                    /usr/lib/jvm/java-8-oracle/jre/lib/amd64/libzip.so
7f163d83b000-7f163d83c000 rw-p 0001a000 08:01 4849991                    /usr/lib/jvm/java-8-oracle/jre/lib/amd64/libzip.so
7f163d83c000-7f163d846000 r-xp 00000000 08:01 4853783                    /lib/x86_64-linux-gnu/libnss_files-2.19.so
7f163d846000-7f163da45000 ---p 0000a000 08:01 4853783                    /lib/x86_64-linux-gnu/libnss_files-2.19.so
7f163da45000-7f163da46000 r--p 00009000 08:01 4853783                    /lib/x86_64-linux-gnu/libnss_files-2.19.so
7f163da46000-7f163da47000 rw-p 0000a000 08:01 4853783                    /lib/x86_64-linux-gnu/libnss_files-2.19.so
7f163da47000-7f163da52000 r-xp 00000000 08:01 4853751                    /lib/x86_64-linux-gnu/libnss_nis-2.19.so
7f163da52000-7f163dc51000 ---p 0000b000 08:01 4853751                    /lib/x86_64-linux-gnu/libnss_nis-2.19.so
7f163dc51000-7f163dc52000 r--p 0000a000 08:01 4853751                    /lib/x86_64-linux-gnu/libnss_nis-2.19.so
7f163dc52000-7f163dc53000 rw-p 0000b000 08:01 4853751                    /lib/x86_64-linux-gnu/libnss_nis-2.19.so
7f163dc53000-7f163dc6a000 r-xp 00000000 08:01 4853726                    /lib/x86_64-linux-gnu/libnsl-2.19.so
7f163dc6a000-7f163de69000 ---p 00017000 08:01 4853726                    /lib/x86_64-linux-gnu/libnsl-2.19.so
7f163de69000-7f163de6a000 r--p 00016000 08:01 4853726                    /lib/x86_64-linux-gnu/libnsl-2.19.so
7f163de6a000-7f163de6b000 rw-p 00017000 08:01 4853726                    /lib/x86_64-linux-gnu/libnsl-2.19.so
7f163de6b000-7f163de6d000 rw-p 00000000 00:00 0 
7f163de6d000-7f163de76000 r-xp 00000000 08:01 4853722                    /lib/x86_64-linux-gnu/libnss_compat-2.19.so
7f163de76000-7f163e075000 ---p 00009000 08:01 4853722                    /lib/x86_64-linux-gnu/libnss_compat-2.19.so
7f163e075000-7f163e076000 r--p 00008000 08:01 4853722                    /lib/x86_64-linux-gnu/libnss_compat-2.19.so
7f163e076000-7f163e077000 rw-p 00009000 08:01 4853722                    /lib/x86_64-linux-gnu/libnss_compat-2.19.so
7f163e077000-7f163e0a1000 r-xp 00000000 08:01 4850005                    /usr/lib/jvm/java-8-oracle/jre/lib/amd64/libjava.so
7f163e0a1000-7f163e2a1000 ---p 0002a000 08:01 4850005                    /usr/lib/jvm/java-8-oracle/jre/lib/amd64/libjava.so
7f163e2a1000-7f163e2a3000 rw-p 0002a000 08:01 4850005                    /usr/lib/jvm/java-8-oracle/jre/lib/amd64/libjava.so
7f163e2a3000-7f163e2b0000 r-xp 00000000 08:01 4850035                    /usr/lib/jvm/java-8-oracle/jre/lib/amd64/libverify.so
7f163e2b0000-7f163e4b0000 ---p 0000d000 08:01 4850035                    /usr/lib/jvm/java-8-oracle/jre/lib/amd64/libverify.so
7f163e4b0000-7f163e4b2000 rw-p 0000d000 08:01 4850035                    /usr/lib/jvm/java-8-oracle/jre/lib/amd64/libverify.so
7f163e4b2000-7f163e4b9000 r-xp 00000000 08:01 4853773                    /lib/x86_64-linux-gnu/librt-2.19.so
7f163e4b9000-7f163e6b8000 ---p 00007000 08:01 4853773                    /lib/x86_64-linux-gnu/librt-2.19.so
7f163e6b8000-7f163e6b9000 r--p 00006000 08:01 4853773                    /lib/x86_64-linux-gnu/librt-2.19.so
7f163e6b9000-7f163e6ba000 rw-p 00007000 08:01 4853773                    /lib/x86_64-linux-gnu/librt-2.19.so
7f163e6ba000-7f163e7bf000 r-xp 00000000 08:01 4850421                    /lib/x86_64-linux-gnu/libm-2.19.so
7f163e7bf000-7f163e9be000 ---p 00105000 08:01 4850421                    /lib/x86_64-linux-gnu/libm-2.19.so
7f163e9be000-7f163e9bf000 r--p 00104000 08:01 4850421                    /lib/x86_64-linux-gnu/libm-2.19.so
7f163e9bf000-7f163e9c0000 rw-p 00105000 08:01 4850421                    /lib/x86_64-linux-gnu/libm-2.19.so
7f163e9c0000-7f163f68b000 r-xp 00000000 08:01 4850042                    /usr/lib/jvm/java-8-oracle/jre/lib/amd64/server/libjvm.so
7f163f68b000-7f163f88a000 ---p 00ccb000 08:01 4850042                    /usr/lib/jvm/java-8-oracle/jre/lib/amd64/server/libjvm.so
7f163f88a000-7f163f963000 rw-p 00cca000 08:01 4850042                    /usr/lib/jvm/java-8-oracle/jre/lib/amd64/server/libjvm.so
7f163f963000-7f163f9ae000 rw-p 00000000 00:00 0 
7f163f9ae000-7f163fb68000 r-xp 00000000 08:01 4853777                    /lib/x86_64-linux-gnu/libc-2.19.so
7f163fb68000-7f163fd68000 ---p 001ba000 08:01 4853777                    /lib/x86_64-linux-gnu/libc-2.19.so
7f163fd68000-7f163fd6c000 r--p 001ba000 08:01 4853777                    /lib/x86_64-linux-gnu/libc-2.19.so
7f163fd6c000-7f163fd6e000 rw-p 001be000 08:01 4853777                    /lib/x86_64-linux-gnu/libc-2.19.so
7f163fd6e000-7f163fd73000 rw-p 00000000 00:00 0 
7f163fd73000-7f163fd76000 r-xp 00000000 08:01 4850721                    /lib/x86_64-linux-gnu/libdl-2.19.so
7f163fd76000-7f163ff75000 ---p 00003000 08:01 4850721                    /lib/x86_64-linux-gnu/libdl-2.19.so
7f163ff75000-7f163ff76000 r--p 00002000 08:01 4850721                    /lib/x86_64-linux-gnu/libdl-2.19.so
7f163ff76000-7f163ff77000 rw-p 00003000 08:01 4850721                    /lib/x86_64-linux-gnu/libdl-2.19.so
7f163ff77000-7f163ff8c000 r-xp 00000000 08:01 4468095                    /usr/lib/jvm/java-8-oracle/lib/amd64/jli/libjli.so
7f163ff8c000-7f164018c000 ---p 00015000 08:01 4468095                    /usr/lib/jvm/java-8-oracle/lib/amd64/jli/libjli.so
7f164018c000-7f164018d000 rw-p 00015000 08:01 4468095                    /usr/lib/jvm/java-8-oracle/lib/amd64/jli/libjli.so
7f164018d000-7f16401a6000 r-xp 00000000 08:01 4853733                    /lib/x86_64-linux-gnu/libpthread-2.19.so
7f16401a6000-7f16403a5000 ---p 00019000 08:01 4853733                    /lib/x86_64-linux-gnu/libpthread-2.19.so
7f16403a5000-7f16403a6000 r--p 00018000 08:01 4853733                    /lib/x86_64-linux-gnu/libpthread-2.19.so
7f16403a6000-7f16403a7000 rw-p 00019000 08:01 4853733                    /lib/x86_64-linux-gnu/libpthread-2.19.so
7f16403a7000-7f16403ab000 rw-p 00000000 00:00 0 
7f16403ab000-7f16403ce000 r-xp 00000000 08:01 4853734                    /lib/x86_64-linux-gnu/ld-2.19.so
7f16403ce000-7f16403d1000 r--s 0000d000 08:01 6556024                    /home/anett/programms/eclipse/plugins/org.eclipse.m2e.maven.runtime_1.7.0.20160603-1931/jars/plexus-interpolation-1.21.jar
7f16403d1000-7f16403d3000 r--s 0000f000 08:01 6556029                    /home/anett/programms/eclipse/plugins/org.eclipse.m2e.maven.runtime_1.7.0.20160603-1931/jars/maven-aether-provider-3.3.9.jar
7f16403d3000-7f16403d8000 r--s 00027000 08:01 6556011                    /home/anett/programms/eclipse/plugins/org.eclipse.m2e.maven.runtime_1.7.0.20160603-1931/jars/maven-model-builder-3.3.9.jar
7f16403d8000-7f16403da000 r--s 0000a000 08:01 6556040                    /home/anett/programms/eclipse/plugins/org.eclipse.m2e.maven.runtime_1.7.0.20160603-1931/jars/maven-plugin-api-3.3.9.jar
7f16403da000-7f16403dc000 r--s 0000c000 08:01 6556041                    /home/anett/programms/eclipse/plugins/org.eclipse.m2e.maven.runtime_1.7.0.20160603-1931/jars/maven-artifact-3.3.9.jar
7f16403dc000-7f16404a5000 rw-p 00000000 00:00 0 
7f16404a5000-7f16404a8000 ---p 00000000 00:00 0 
7f16404a8000-7f16405aa000 rw-p 00000000 00:00 0                          [stack:14414]
7f16405aa000-7f16405ab000 r--s 00006000 08:01 6556051                    /home/anett/programms/eclipse/plugins/org.eclipse.m2e.maven.runtime_1.7.0.20160603-1931/jars/maven-repository-metadata-3.3.9.jar
7f16405ab000-7f16405ac000 r--s 00003000 08:01 6556045                    /home/anett/programms/eclipse/plugins/org.eclipse.m2e.maven.runtime_1.7.0.20160603-1931/jars/maven-builder-support-3.3.9.jar
7f16405ac000-7f16405ae000 r--s 00009000 08:01 6556047                    /home/anett/programms/eclipse/plugins/org.eclipse.m2e.maven.runtime_1.7.0.20160603-1931/jars/maven-settings-builder-3.3.9.jar
7f16405ae000-7f16405af000 r--s 0000a000 08:01 6556015                    /home/anett/programms/eclipse/plugins/org.eclipse.m2e.maven.runtime_1.7.0.20160603-1931/jars/maven-settings-3.3.9.jar
7f16405af000-7f16405b2000 r--s 00026000 08:01 6556022                    /home/anett/programms/eclipse/plugins/org.eclipse.m2e.maven.runtime_1.7.0.20160603-1931/jars/maven-model-3.3.9.jar
7f16405b2000-7f16405bf000 r--s 0008f000 08:01 6556052                    /home/anett/programms/eclipse/plugins/org.eclipse.m2e.maven.runtime_1.7.0.20160603-1931/jars/maven-core-3.3.9.jar
7f16405bf000-7f16405c1000 r--s 0000b000 08:01 6556012                    /home/anett/programms/eclipse/plugins/org.eclipse.m2e.maven.runtime_1.7.0.20160603-1931/jars/plexus-classworlds-2.5.2.jar
7f16405c1000-7f16405c9000 rw-s 00000000 08:01 11406807                   /tmp/hsperfdata_anett/14409
7f16405c9000-7f16405ca000 rw-p 00000000 00:00 0 
7f16405ca000-7f16405cb000 r--p 00000000 00:00 0 
7f16405cb000-7f16405cd000 rw-p 00000000 00:00 0 
7f16405cd000-7f16405ce000 r--p 00022000 08:01 4853734                    /lib/x86_64-linux-gnu/ld-2.19.so
7f16405ce000-7f16405cf000 rw-p 00023000 08:01 4853734                    /lib/x86_64-linux-gnu/ld-2.19.so
7f16405cf000-7f16405d0000 rw-p 00000000 00:00 0 
7ffff8874000-7ffff8895000 rw-p 00000000 00:00 0                          [stack]
7ffff8973000-7ffff8975000 r-xp 00000000 00:00 0                          [vdso]
ffffffffff600000-ffffffffff601000 r-xp 00000000 00:00 0                  [vsyscall]

VM Arguments:
jvm_args: -Dmaven.home=EMBEDDED -Dclassworlds.conf=/home/anett/workspace/praas/.metadata/.plugins/org.eclipse.m2e.launching/launches/m2conf9195639984571086586.tmp -Dmaven.multiModuleProjectDirectory=/home/anett/git/lj-projectbuilder/ljprojectbuilder -Dfile.encoding=UTF-8 
java_command: org.codehaus.plexus.classworlds.launcher.Launcher -B -Dmaven.test.skip=true -DskipTests clean install
java_class_path (initial): /home/anett/programms/eclipse/plugins/org.eclipse.m2e.maven.runtime_1.7.0.20160603-1931/jars/plexus-classworlds-2.5.2.jar
Launcher Type: SUN_STANDARD

Environment Variables:
PATH=/usr/local/sbin:/usr/local/bin:/usr/sbin:/usr/bin:/sbin:/bin:/usr/games:/usr/local/games
USERNAME=anett
SHELL=/bin/bash
DISPLAY=:0.0

Signal Handlers:
SIGSEGV: [libjvm.so+0xac4790], sa_mask[0]=11111111011111111101111111111110, sa_flags=SA_RESTART|SA_SIGINFO
SIGBUS: [libjvm.so+0xac4790], sa_mask[0]=11111111011111111101111111111110, sa_flags=SA_RESTART|SA_SIGINFO
SIGFPE: [libjvm.so+0x91f140], sa_mask[0]=11111111011111111101111111111110, sa_flags=SA_RESTART|SA_SIGINFO
SIGPIPE: [libjvm.so+0x91f140], sa_mask[0]=11111111011111111101111111111110, sa_flags=SA_RESTART|SA_SIGINFO
SIGXFSZ: [libjvm.so+0x91f140], sa_mask[0]=11111111011111111101111111111110, sa_flags=SA_RESTART|SA_SIGINFO
SIGILL: [libjvm.so+0x91f140], sa_mask[0]=11111111011111111101111111111110, sa_flags=SA_RESTART|SA_SIGINFO
SIGUSR1: SIG_DFL, sa_mask[0]=00000000000000000000000000000000, sa_flags=none
SIGUSR2: [libjvm.so+0x920770], sa_mask[0]=00100000000000000000000000000000, sa_flags=SA_RESTART|SA_SIGINFO
SIGHUP: [libjvm.so+0x921b70], sa_mask[0]=11111111011111111101111111111110, sa_flags=SA_RESTART|SA_SIGINFO
SIGINT: [libjvm.so+0x921b70], sa_mask[0]=11111111011111111101111111111110, sa_flags=SA_RESTART|SA_SIGINFO
SIGTERM: [libjvm.so+0x921b70], sa_mask[0]=11111111011111111101111111111110, sa_flags=SA_RESTART|SA_SIGINFO
SIGQUIT: [libjvm.so+0x921b70], sa_mask[0]=11111111011111111101111111111110, sa_flags=SA_RESTART|SA_SIGINFO


---------------  S Y S T E M  ---------------

OS:DISTRIB_ID=LinuxMint
DISTRIB_RELEASE=17.1
DISTRIB_CODENAME=rebecca
DISTRIB_DESCRIPTION="Linux Mint 17.1 Rebecca"

uname:Linux 3.13.0-37-generic #64-Ubuntu SMP Mon Sep 22 21:28:38 UTC 2014 x86_64
libc:glibc 2.19 NPTL 2.19 
rlimit: STACK 8192k, CORE 0k, NPROC 59446, NOFILE 4096, AS infinity
load average:0,86 1,05 1,07

/proc/meminfo:
MemTotal:        7640384 kB
MemFree:         2301944 kB
Buffers:          380780 kB
Cached:          1531164 kB
SwapCached:            0 kB
Active:          3804196 kB
Inactive:        1189976 kB
Active(anon):    3083612 kB
Inactive(anon):    53620 kB
Active(file):     720584 kB
Inactive(file):  1136356 kB
Unevictable:          36 kB
Mlocked:              36 kB
SwapTotal:       7841788 kB
SwapFree:        7841788 kB
Dirty:               932 kB
Writeback:             0 kB
AnonPages:       3082340 kB
Mapped:           338080 kB
Shmem:             55008 kB
Slab:             209748 kB
SReclaimable:     173732 kB
SUnreclaim:        36016 kB
KernelStack:        4856 kB
PageTables:        32268 kB
NFS_Unstable:          0 kB
Bounce:                0 kB
WritebackTmp:          0 kB
CommitLimit:    11661980 kB
Committed_AS:    6841516 kB
VmallocTotal:   34359738367 kB
VmallocUsed:      311588 kB
VmallocChunk:   34359418284 kB
HardwareCorrupted:     0 kB
AnonHugePages:   1363968 kB
HugePages_Total:       0
HugePages_Free:        0
HugePages_Rsvd:        0
HugePages_Surp:        0
Hugepagesize:       2048 kB
DirectMap4k:       98432 kB
DirectMap2M:     3551232 kB
DirectMap1G:     4194304 kB


CPU:total 4 (4 cores per cpu, 1 threads per core) family 18 model 1 stepping 0, cmov, cx8, fxsr, mmx, sse, sse2, sse3, popcnt, mmxext, 3dnowpref, lzcnt, sse4a, tsc, tscinvbit, tscinv

/proc/cpuinfo:
processor	: 0
vendor_id	: AuthenticAMD
cpu family	: 18
model		: 1
model name	: AMD A8-3520M APU with Radeon(tm) HD Graphics
stepping	: 0
microcode	: 0x3000025
cpu MHz		: 1600.000
cache size	: 1024 KB
physical id	: 0
siblings	: 4
core id		: 0
cpu cores	: 4
apicid		: 0
initial apicid	: 0
fpu		: yes
fpu_exception	: yes
cpuid level	: 6
wp		: yes
flags		: fpu vme de pse tsc msr pae mce cx8 apic sep mtrr pge mca cmov pat pse36 clflush mmx fxsr sse sse2 ht syscall nx mmxext fxsr_opt pdpe1gb rdtscp lm 3dnowext 3dnow constant_tsc rep_good nopl nonstop_tsc extd_apicid aperfmperf pni monitor cx16 popcnt lahf_lm cmp_legacy svm extapic cr8_legacy abm sse4a misalignsse 3dnowprefetch osvw ibs skinit wdt arat cpb hw_pstate npt lbrv svm_lock nrip_save pausefilter
bogomips	: 3194.34
TLB size	: 1536 4K pages
clflush size	: 64
cache_alignment	: 64
address sizes	: 40 bits physical, 48 bits virtual
power management: ts ttp tm stc 100mhzsteps hwpstate cpb

processor	: 1
vendor_id	: AuthenticAMD
cpu family	: 18
model		: 1
model name	: AMD A8-3520M APU with Radeon(tm) HD Graphics
stepping	: 0
microcode	: 0x3000025
cpu MHz		: 1600.000
cache size	: 1024 KB
physical id	: 0
siblings	: 4
core id		: 1
cpu cores	: 4
apicid		: 1
initial apicid	: 1
fpu		: yes
fpu_exception	: yes
cpuid level	: 6
wp		: yes
flags		: fpu vme de pse tsc msr pae mce cx8 apic sep mtrr pge mca cmov pat pse36 clflush mmx fxsr sse sse2 ht syscall nx mmxext fxsr_opt pdpe1gb rdtscp lm 3dnowext 3dnow constant_tsc rep_good nopl nonstop_tsc extd_apicid aperfmperf pni monitor cx16 popcnt lahf_lm cmp_legacy svm extapic cr8_legacy abm sse4a misalignsse 3dnowprefetch osvw ibs skinit wdt arat cpb hw_pstate npt lbrv svm_lock nrip_save pausefilter
bogomips	: 3194.34
TLB size	: 1536 4K pages
clflush size	: 64
cache_alignment	: 64
address sizes	: 40 bits physical, 48 bits virtual
power management: ts ttp tm stc 100mhzsteps hwpstate cpb

processor	: 2
vendor_id	: AuthenticAMD
cpu family	: 18
model		: 1
model name	: AMD A8-3520M APU with Radeon(tm) HD Graphics
stepping	: 0
microcode	: 0x3000025
cpu MHz		: 1600.000
cache size	: 1024 KB
physical id	: 0
siblings	: 4
core id		: 2
cpu cores	: 4
apicid		: 2
initial apicid	: 2
fpu		: yes
fpu_exception	: yes
cpuid level	: 6
wp		: yes
flags		: fpu vme de pse tsc msr pae mce cx8 apic sep mtrr pge mca cmov pat pse36 clflush mmx fxsr sse sse2 ht syscall nx mmxext fxsr_opt pdpe1gb rdtscp lm 3dnowext 3dnow constant_tsc rep_good nopl nonstop_tsc extd_apicid aperfmperf pni monitor cx16 popcnt lahf_lm cmp_legacy svm extapic cr8_legacy abm sse4a misalignsse 3dnowprefetch osvw ibs skinit wdt arat cpb hw_pstate npt lbrv svm_lock nrip_save pausefilter
bogomips	: 3194.34
TLB size	: 1536 4K pages
clflush size	: 64
cache_alignment	: 64
address sizes	: 40 bits physical, 48 bits virtual
power management: ts ttp tm stc 100mhzsteps hwpstate cpb

processor	: 3
vendor_id	: AuthenticAMD
cpu family	: 18
model		: 1
model name	: AMD A8-3520M APU with Radeon(tm) HD Graphics
stepping	: 0
microcode	: 0x3000025
cpu MHz		: 1600.000
cache size	: 1024 KB
physical id	: 0
siblings	: 4
core id		: 3
cpu cores	: 4
apicid		: 3
initial apicid	: 3
fpu		: yes
fpu_exception	: yes
cpuid level	: 6
wp		: yes
flags		: fpu vme de pse tsc msr pae mce cx8 apic sep mtrr pge mca cmov pat pse36 clflush mmx fxsr sse sse2 ht syscall nx mmxext fxsr_opt pdpe1gb rdtscp lm 3dnowext 3dnow constant_tsc rep_good nopl nonstop_tsc extd_apicid aperfmperf pni monitor cx16 popcnt lahf_lm cmp_legacy svm extapic cr8_legacy abm sse4a misalignsse 3dnowprefetch osvw ibs skinit wdt arat cpb hw_pstate npt lbrv svm_lock nrip_save pausefilter
bogomips	: 3194.34
TLB size	: 1536 4K pages
clflush size	: 64
cache_alignment	: 64
address sizes	: 40 bits physical, 48 bits virtual
power management: ts ttp tm stc 100mhzsteps hwpstate cpb



Memory: 4k page, physical 7640384k(2301696k free), swap 7841788k(7841788k free)

vm_info: Java HotSpot(TM) 64-Bit Server VM (25.101-b13) for linux-amd64 JRE (1.8.0_101-b13), built on Jun 22 2016 02:59:44 by "java_re" with gcc 4.3.0 20080428 (Red Hat 4.3.0-8)

time: Mon Oct 17 14:34:34 2016
elapsed time: 3 seconds (0d 0h 0m 3s)

